<?xml version="1.0" encoding="UTF-8"?>
<testsuite xmlns:xsi="http://www.w3.org/2001/XMLSchema-instance" xsi:noNamespaceSchemaLocation="https://maven.apache.org/surefire/maven-surefire-plugin/xsd/surefire-test-report.xsd" version="3.0.2" name="services.BookServiceTest" time="0.984" tests="15" errors="0" skipped="0" failures="0">
  <properties>
[...]
</properties>
  <testcase name="shouldThrowValidationExceptionWhenTitleIsBlank" classname="services.BookServiceTest" time="0.875">
    <system-err><![CDATA[Mockito is currently self-attaching to enable the inline-mock-maker. This will no longer work in future releases of the JDK. Please add Mockito as an agent to your build as described in Mockito's documentation: https://javadoc.io/doc/org.mockito/mockito-core/latest/org/mockito/Mockito.html#0.3
WARNING: A Java agent has been loaded dynamically (/home/lucasn/.m2/repository/net/bytebuddy/byte-buddy-agent/1.15.11/byte-buddy-agent-1.15.11.jar)
WARNING: If a serviceability tool is in use, please run with -XX:+EnableDynamicAgentLoading to hide this warning
WARNING: If a serviceability tool is not in use, please run with -Djdk.instrument.traceUsage for more information
WARNING: Dynamic loading of agents will be disallowed by default in a future release
]]></system-err>
  </testcase>
  <testcase name="shouldThrowValidationExceptionWhenTitleIsEmpty" classname="services.BookServiceTest" time="0.003"/>
  <testcase name="shouldThrowValidationExceptionWhenTitleIsNull" classname="services.BookServiceTest" time="0.003"/>
  <testcase name="shouldThrowValidationExceptionWhenAuthorIsNull" classname="services.BookServiceTest" time="0.003"/>
  <testcase name="shouldFindAllBooks" classname="services.BookServiceTest" time="0.021"/>
  <testcase name="shouldFindBookById" classname="services.BookServiceTest" time="0.005"/>
  <testcase name="shouldCreateBook" classname="services.BookServiceTest" time="0.004"/>
  <testcase name="shouldThrowBookNotFoundExceptionWhenDeletingBookThatDoesNotExist" classname="services.BookServiceTest" time="0.004"/>
  <testcase name="shouldDeleteBook" classname="services.BookServiceTest" time="0.003"/>
  <testcase name="shouldReturnEmptyListIfNoBooksFound" classname="services.BookServiceTest" time="0.002"/>
  <testcase name="shouldThrowValidationExceptionWhenAuthorIsBlank" classname="services.BookServiceTest" time="0.003"/>
  <testcase name="shouldThrowValidationExceptionWhenAuthorIsEmpty" classname="services.BookServiceTest" time="0.002"/>
  <testcase name="shouldThrowBookAlreadyExistsException" classname="services.BookServiceTest" time="0.005"/>
  <testcase name="shouldFindByTitle" classname="services.BookServiceTest" time="0.004"/>
  <testcase name="shouldReturnEmptyWhenBookDoesNotExist" classname="services.BookServiceTest" time="0.003"/>
</testsuite>